<?xml version="1.0" encoding="UTF-8"?>
<testng-results ignored="0" total="1" passed="0" failed="1" skipped="0">
  <reporter-output>
    <line>
      <![CDATA[report config]]>
    </line>
    <line>
      <![CDATA[DB open]]>
    </line>
    <line>
      <![CDATA[launch browser]]>
    </line>
    <line>
      <![CDATA[login]]>
    </line>
    <line>
      <![CDATA[logout]]>
    </line>
    <line>
      <![CDATA[close browser]]>
    </line>
    <line>
      <![CDATA[DB close]]>
    </line>
  </reporter-output>
  <suite started-at="2026-07-21T07:10:49 GST" name="Default suite" finished-at="2026-07-21T07:10:54 GST" duration-ms="5174">
    <groups>
      <group name="smoke">
        <method signature="AddProdtoCartTest.toAddProdtoCartTest()[pri:0, instance:TestNG.AddProdtoCartTest@68c9133c]" name="toAddProdtoCartTest" class="TestNG.AddProdtoCartTest"/>
      </group> <!-- smoke -->
    </groups>
    <test started-at="2026-07-21T07:10:49 GST" name="Default test" finished-at="2026-07-21T07:10:54 GST" duration-ms="5174">
      <class name="TestNG.AddProdtoCartTest">
        <test-method is-config="true" signature="beforeSuite()[pri:0, instance:TestNG.AddProdtoCartTest@68c9133c]" started-at="2026-07-21T07:10:49 GST" name="beforeSuite" finished-at="2026-07-21T07:10:49 GST" duration-ms="10" status="PASS">
          <reporter-output>
            <line>
              <![CDATA[DB open]]>
            </line>
          </reporter-output>
        </test-method> <!-- beforeSuite -->
        <test-method is-config="true" signature="beforeClass()[pri:0, instance:TestNG.AddProdtoCartTest@68c9133c]" started-at="2026-07-21T07:10:49 GST" name="beforeClass" finished-at="2026-07-21T07:10:51 GST" duration-ms="2198" status="PASS">
          <reporter-output>
            <line>
              <![CDATA[launch browser]]>
            </line>
          </reporter-output>
        </test-method> <!-- beforeClass -->
        <test-method is-config="true" signature="beforeMethod()[pri:0, instance:TestNG.AddProdtoCartTest@68c9133c]" started-at="2026-07-21T07:10:51 GST" name="beforeMethod" finished-at="2026-07-21T07:10:52 GST" duration-ms="1292" status="PASS">
          <reporter-output>
            <line>
              <![CDATA[login]]>
            </line>
          </reporter-output>
        </test-method> <!-- beforeMethod -->
        <test-method signature="toAddProdtoCartTest()[pri:0, instance:TestNG.AddProdtoCartTest@68c9133c]" started-at="2026-07-21T07:10:52 GST" name="toAddProdtoCartTest" finished-at="2026-07-21T07:10:53 GST" duration-ms="101" status="FAIL">
          <exception class="java.lang.IllegalArgumentException">
            <message>
              <![CDATA[Status must not be null]]>
            </message>
            <full-stacktrace>
              <![CDATA[java.lang.IllegalArgumentException: Status must not be null
at com.aventstack.extentreports.util.Assert.notNull(Assert.java:6)
at com.aventstack.extentreports.ExtentTest.log(ExtentTest.java:365)
at com.aventstack.extentreports.ExtentTest.log(ExtentTest.java:405)
at com.aventstack.extentreports.ExtentTest.log(ExtentTest.java:442)
at ListenersUtility.ListenerImplementation.onTestStart(ListenerImplementation.java:55)
at org.testng.internal.TestListenerHelper.runTestListeners(TestListenerHelper.java:122)
at org.testng.internal.invokers.TestInvoker.runTestResultListener(TestInvoker.java:285)
at org.testng.internal.invokers.TestInvoker.invokeMethod(TestInvoker.java:648)
at org.testng.internal.invokers.TestInvoker.invokeTestMethod(TestInvoker.java:230)
at org.testng.internal.invokers.MethodRunner.runInSequence(MethodRunner.java:63)
at org.testng.internal.invokers.TestInvoker$MethodInvocationAgent.invoke(TestInvoker.java:995)
at org.testng.internal.invokers.TestInvoker.invokeTestMethods(TestInvoker.java:203)
at org.testng.internal.invokers.TestMethodWorker.invokeTestMethods(TestMethodWorker.java:154)
at org.testng.internal.invokers.TestMethodWorker.run(TestMethodWorker.java:134)
at java.base/java.util.ArrayList.forEach(ArrayList.java:1511)
at org.testng.TestRunner.privateRun(TestRunner.java:741)
at org.testng.TestRunner.run(TestRunner.java:616)
at org.testng.SuiteRunner.runTest(SuiteRunner.java:421)
at org.testng.SuiteRunner.runSequentially(SuiteRunner.java:413)
at org.testng.SuiteRunner.privateRun(SuiteRunner.java:373)
at org.testng.SuiteRunner.run(SuiteRunner.java:312)
at org.testng.SuiteRunnerWorker.runSuite(SuiteRunnerWorker.java:52)
at org.testng.SuiteRunnerWorker.run(SuiteRunnerWorker.java:95)
at org.testng.TestNG.runSuitesSequentially(TestNG.java:1274)
at org.testng.TestNG.runSuitesLocally(TestNG.java:1208)
at org.testng.TestNG.runSuites(TestNG.java:1112)
at org.testng.TestNG.run(TestNG.java:1079)
at org.testng.remote.AbstractRemoteTestNG.run(AbstractRemoteTestNG.java:115)
at org.testng.remote.RemoteTestNG.initAndRun(RemoteTestNG.java:293)
at org.testng.remote.RemoteTestNG.main(RemoteTestNG.java:91)
]]>
            </full-stacktrace>
          </exception> <!-- java.lang.IllegalArgumentException -->
          <reporter-output>
          </reporter-output>
        </test-method> <!-- toAddProdtoCartTest -->
        <test-method is-config="true" signature="afterMethod()[pri:0, instance:TestNG.AddProdtoCartTest@68c9133c]" started-at="2026-07-21T07:10:53 GST" name="afterMethod" finished-at="2026-07-21T07:10:53 GST" duration-ms="524" status="PASS">
          <reporter-output>
            <line>
              <![CDATA[logout]]>
            </line>
          </reporter-output>
        </test-method> <!-- afterMethod -->
        <test-method is-config="true" signature="afterClass()[pri:0, instance:TestNG.AddProdtoCartTest@68c9133c]" started-at="2026-07-21T07:10:53 GST" name="afterClass" finished-at="2026-07-21T07:10:54 GST" duration-ms="622" status="PASS">
          <reporter-output>
            <line>
              <![CDATA[close browser]]>
            </line>
          </reporter-output>
        </test-method> <!-- afterClass -->
        <test-method is-config="true" signature="afterSuite()[pri:0, instance:TestNG.AddProdtoCartTest@68c9133c]" started-at="2026-07-21T07:10:54 GST" name="afterSuite" finished-at="2026-07-21T07:10:54 GST" duration-ms="0" status="PASS">
          <reporter-output>
            <line>
              <![CDATA[DB close]]>
            </line>
          </reporter-output>
        </test-method> <!-- afterSuite -->
      </class> <!-- TestNG.AddProdtoCartTest -->
    </test> <!-- Default test -->
  </suite> <!-- Default suite -->
</testng-results>
