<?xml version="1.0" encoding="UTF-8"?>
<!-- Generated by org.testng.reporters.JUnitReportReporter -->
<testsuite hostname="FizaSallu" failures="0" tests="1" name="Test_Cases.toAddProdtoCartTest1" time="23.103" errors="0" timestamp="2026-07-15T06:46:19 GST" skipped="0">
  <testcase classname="Test_Cases.toAddProdtoCartTest1" name="toAddProdtoCartTest" time="23.103"/>
  <system-out>
    <![CDATA[DB open
launch browser
login
logout
close browser
DB close]]>
  </system-out>
</testsuite> <!-- Test_Cases.toAddProdtoCartTest1 -->
