<?xml version="1.0" encoding="UTF-8"?>
<!-- Generated by org.testng.reporters.JUnitReportReporter -->
<testsuite hostname="FizaSallu" failures="0" tests="7" name="TestNG.InvocationCount" time="66.263" errors="0" timestamp="2026-07-15T06:46:19 GST" skipped="0">
  <testcase classname="TestNG.InvocationCount" name="logins" time="5.331"/>
  <testcase classname="TestNG.InvocationCount" name="logins" time="6.867"/>
  <testcase classname="TestNG.InvocationCount" name="login" time="5.410"/>
  <testcase classname="TestNG.InvocationCount" name="logins" time="5.213"/>
  <testcase classname="TestNG.InvocationCount" name="logins" time="5.348"/>
  <testcase classname="TestNG.InvocationCount" name="login" time="4.972"/>
  <testcase classname="TestNG.InvocationCount" name="login" time="33.122"/>
  <system-out>
    <![CDATA[DB open
launch browser
login
logout
close browser
DB close]]>
  </system-out>
</testsuite> <!-- TestNG.InvocationCount -->
