<?xml version="1.0" encoding="UTF-8"?>
<!-- Generated by org.testng.reporters.JUnitReportReporter -->
<testsuite hostname="FizaSallu" failures="0" tests="1" name="TestNG.AddLowProdtoCartTest1" time="5.889" errors="0" timestamp="2026-07-16T06:58:36 GST" skipped="0">
  <testcase classname="TestNG.AddLowProdtoCartTest1" name="toAddLowProdtoCartTest1" time="5.889"/>
  <system-out>
    <![CDATA[DB open
launch browser
login
logout
close browser
DB close]]>
  </system-out>
</testsuite> <!-- TestNG.AddLowProdtoCartTest1 -->
