<?xml version="1.0" encoding="UTF-8"?>
<!-- Generated by org.testng.reporters.JUnitXMLReporter -->
<testsuite ignored="3" hostname="FizaSallu" failures="0" tests="1" name="Test" time="8.474" errors="0" timestamp="2026-07-16T06:58:51 GST">
  <testcase classname="TestNG.AddProdtoCartTest" name="toAddProdtoCartTest" time="4.305"/>
  <testcase classname="TestNG.BaseClass" name="@BeforeSuite beforeSuite" time="0.0">
    <ignored/>
  </testcase> <!-- @BeforeSuite beforeSuite -->
  <testcase classname="TestNG.BaseClass" name="@AfterSuite afterSuite" time="0.0">
    <ignored/>
  </testcase> <!-- @AfterSuite afterSuite -->
  <testcase classname="TestNG.AddLowProdtoCartTest1" name="toAddLowProdtoCartTest1" time="0.0">
    <ignored/>
  </testcase> <!-- toAddLowProdtoCartTest1 -->
</testsuite> <!-- Test -->
