<?xml version="1.0" encoding="UTF-8"?>
<testng-results ignored="0" total="1" passed="1" failed="0" skipped="0">
  <reporter-output>
  </reporter-output>
  <suite started-at="2026-07-23T06:22:47 GST" name="SmokeSuite" finished-at="2026-07-23T06:22:47 GST" duration-ms="74">
    <groups>
      <group name="smoke">
        <method signature="DemoTest.movieTest()[pri:0, instance:Demo.DemoTest@31fa1761]" name="movieTest" class="Demo.DemoTest"/>
      </group> <!-- smoke -->
    </groups>
    <test started-at="2026-07-23T06:22:47 GST" name="Test" finished-at="2026-07-23T06:22:47 GST" duration-ms="74">
      <class name="Demo.DemoTest">
        <test-method signature="movieTest()[pri:0, instance:Demo.DemoTest@31fa1761]" started-at="2026-07-23T06:22:47 GST" name="movieTest" finished-at="2026-07-23T06:22:47 GST" duration-ms="10" status="PASS">
          <reporter-output>
          </reporter-output>
        </test-method> <!-- movieTest -->
      </class> <!-- Demo.DemoTest -->
    </test> <!-- Test -->
  </suite> <!-- SmokeSuite -->
</testng-results>
